2024-01-10T00:17:37.483405+00:00 vyos sudo: pam_unix(sudo:session): session closed for user root
2024-01-10T00:17:47.974979+00:00 vyos sudo:     vyos : TTY=tty1 ; PWD=/home/vyos ; USER=root ; COMMAND=/usr/sbin/shutdown now
2024-01-10T00:17:47.975566+00:00 vyos sudo: pam_unix(sudo:session): session opened for user root(uid=0) by vyos(uid=1002)
2024-01-10T00:17:47.995204+00:00 vyos sudo: pam_unix(sudo:session): session closed for user root
2024-01-25T14:38:20.788008+00:00 vyos sudo:     root : PWD=/ ; USER=root ; COMMAND=/usr/bin/sh -c '/usr/sbin/vyshim /usr/libexec/vyos/conf_mode/system_host-name.py'
2024-01-25T14:38:20.791986+00:00 vyos sudo: pam_unix(sudo:session): session opened for user root(uid=0) by (uid=0)
2024-01-25T14:38:21.091195+00:00 vyos sudo: pam_unix(sudo:session): session closed for user root
2024-01-25T14:38:21.118805+00:00 vyos sudo:     root : PWD=/ ; USER=root ; COMMAND=/usr/bin/sh -c '/usr/sbin/vyshim /usr/libexec/vyos/conf_mode/system_console.py'
2024-01-25T14:38:21.119275+00:00 vyos sudo: pam_unix(sudo:session): session opened for user root(uid=0) by (uid=0)
2024-01-25T14:38:21.798046+00:00 vyos sudo: pam_unix(sudo:session): session closed for user root
2024-01-25T14:38:21.807447+00:00 vyos sudo:     root : PWD=/ ; USER=root ; COMMAND=/usr/bin/sh -c '/usr/sbin/vyshim /usr/libexec/vyos/conf_mode/system_conntrack.py'
2024-01-25T14:38:21.807501+00:00 vyos sudo: pam_unix(sudo:session): session opened for user root(uid=0) by (uid=0)
2024-01-25T14:38:21.959591+00:00 vyos sudo: pam_unix(sudo:session): session closed for user root
2024-01-25T14:38:22.506177+00:00 vyos sudo:     root : PWD=/ ; USER=root ; COMMAND=/usr/bin/sh -c '/usr/sbin/vyshim /usr/libexec/vyos/conf_mode/nat.py'
2024-01-25T14:38:22.506327+00:00 vyos sudo: pam_unix(sudo:session): session opened for user root(uid=0) by (uid=0)
2024-01-25T14:38:22.737406+00:00 vyos sudo: pam_unix(sudo:session): session closed for user root
2024-01-25T14:38:22.759491+00:00 vyos sudo:     root : PWD=/ ; USER=root ; COMMAND=/usr/bin/sh -c '/usr/sbin/vyshim VYOS_TAGNODE_VALUE=\'lo\' /usr/libexec/vyos/conf_mode/interfaces_loopback.py'
2024-01-25T14:38:22.760166+00:00 vyos sudo: pam_unix(sudo:session): session opened for user root(uid=0) by (uid=0)
2024-01-25T14:38:23.038262+00:00 vyos sudo: pam_unix(sudo:session): session closed for user root
2024-01-25T14:38:23.111716+00:00 vyos sudo:     root : PWD=/ ; USER=root ; COMMAND=/usr/bin/sh -c '/usr/sbin/vyshim VYOS_TAGNODE_VALUE=\'eth1\' /usr/libexec/vyos/conf_mode/interfaces_ethernet.py'
2024-01-25T14:38:23.112196+00:00 vyos sudo: pam_unix(sudo:session): session opened for user root(uid=0) by (uid=0)
2024-01-25T14:38:23.741603+00:00 vyos sudo: pam_unix(sudo:session): session closed for user root
2024-01-25T14:38:23.953513+00:00 vyos sudo:     root : PWD=/ ; USER=root ; COMMAND=/usr/bin/sh -c '/usr/sbin/vyshim VYOS_TAGNODE_VALUE=\'eth0\' /usr/libexec/vyos/conf_mode/interfaces_ethernet.py'
2024-01-25T14:38:23.957304+00:00 vyos sudo: pam_unix(sudo:session): session opened for user root(uid=0) by (uid=0)
2024-01-25T14:38:25.691347+00:00 vyos sudo: pam_unix(sudo:session): session closed for user root
2024-01-25T14:38:25.974452+00:00 vyos sudo:     root : PWD=/ ; USER=root ; COMMAND=/usr/bin/sh -c '/usr/sbin/vyshim VYOS_TAGNODE_VALUE=\'eth3\' /usr/libexec/vyos/conf_mode/interfaces_ethernet.py'
2024-01-25T14:38:25.974654+00:00 vyos sudo: pam_unix(sudo:session): session opened for user root(uid=0) by (uid=0)
2024-01-25T14:38:27.123532+00:00 vyos sudo: pam_unix(sudo:session): session closed for user root
2024-01-25T14:38:27.318365+00:00 vyos sudo:     root : PWD=/ ; USER=root ; COMMAND=/usr/bin/sh -c '/usr/sbin/vyshim VYOS_TAGNODE_VALUE=\'eth2\' /usr/libexec/vyos/conf_mode/interfaces_ethernet.py'
2024-01-25T14:38:27.318492+00:00 vyos sudo: pam_unix(sudo:session): session opened for user root(uid=0) by (uid=0)
2024-01-25T14:38:27.945362+00:00 vyos sudo: pam_unix(sudo:session): session closed for user root
2024-01-25T14:38:28.084232+00:00 vyos sudo:     root : PWD=/ ; USER=root ; COMMAND=/usr/bin/sh -c '/usr/sbin/vyshim /usr/libexec/vyos/conf_mode/system_syslog.py'
2024-01-25T14:38:28.084347+00:00 vyos sudo: pam_unix(sudo:session): session opened for user root(uid=0) by (uid=0)
2024-01-25T14:38:28.819748+00:00 vyos sudo: pam_unix(sudo:session): session closed for user root
2024-01-25T14:38:28.845754+00:00 vyos sudo:     root : PWD=/ ; USER=root ; COMMAND=/usr/bin/sh -c '/usr/sbin/vyshim /usr/libexec/vyos/conf_mode/system_config-management.py'
2024-01-25T14:38:28.845872+00:00 vyos sudo: pam_unix(sudo:session): session opened for user root(uid=0) by (uid=0)
2024-01-25T14:38:28.862596+00:00 vyos sudo: pam_unix(sudo:session): session closed for user root
2024-01-25T14:38:28.884377+00:00 vyos sudo:     root : PWD=/ ; USER=root ; COMMAND=/usr/bin/sh -c '/usr/sbin/vyshim /usr/libexec/vyos/conf_mode/system_login.py'
2024-01-25T14:38:28.884520+00:00 vyos sudo: pam_unix(sudo:session): session opened for user root(uid=0) by (uid=0)
2024-01-25T14:38:30.017178+00:00 vyos sudo: pam_unix(sudo:session): session closed for user root
2024-01-25T14:38:30.072061+00:00 vyos sudo:     root : PWD=/ ; USER=root ; COMMAND=/usr/bin/sh -c '/usr/sbin/vyshim /usr/libexec/vyos/conf_mode/service_ntp.py'
2024-01-25T14:38:30.072387+00:00 vyos sudo: pam_unix(sudo:session): session opened for user root(uid=0) by (uid=0)
2024-01-25T14:38:30.719176+00:00 vyos sudo: pam_unix(sudo:session): session closed for user root
2024-01-25T14:40:01.998962+00:00 vyos CRON[2245]: pam_unix(cron:session): session opened for user smmsp(uid=118) by (uid=0)
2024-01-25T14:40:02.000124+00:00 vyos CRON[2246]: (smmsp) CMD (test -x /etc/init.d/sendmail && test -x /usr/share/sendmail/sendmail && test -x /usr/libexec/sendmail/sendmail && /usr/share/sendmail/sendmail cron-msp)
2024-01-25T14:40:02.008648+00:00 vyos CRON[2245]: pam_unix(cron:session): session closed for user smmsp
2024-01-25T15:00:01.055720+00:00 vyos CRON[2749]: pam_unix(cron:session): session opened for user smmsp(uid=118) by (uid=0)
2024-01-25T15:00:01.057918+00:00 vyos CRON[2750]: (smmsp) CMD (test -x /etc/init.d/sendmail && test -x /usr/share/sendmail/sendmail && test -x /usr/libexec/sendmail/sendmail && /usr/share/sendmail/sendmail cron-msp)
2024-01-25T15:00:01.059328+00:00 vyos CRON[2749]: pam_unix(cron:session): session closed for user smmsp
2024-01-25T15:17:01.099303+00:00 vyos CRON[3197]: pam_unix(cron:session): session opened for user root(uid=0) by (uid=0)
2024-01-25T15:17:01.101528+00:00 vyos CRON[3198]: (root) CMD (cd / && run-parts --report /etc/cron.hourly)
2024-01-25T15:17:01.102801+00:00 vyos CRON[3197]: pam_unix(cron:session): session closed for user root
2024-01-25T15:20:01.108588+00:00 vyos CRON[3285]: pam_unix(cron:session): session opened for user smmsp(uid=118) by (uid=0)
2024-01-25T15:20:01.110963+00:00 vyos CRON[3286]: (smmsp) CMD (test -x /etc/init.d/sendmail && test -x /usr/share/sendmail/sendmail && test -x /usr/libexec/sendmail/sendmail && /usr/share/sendmail/sendmail cron-msp)
2024-01-25T15:20:01.112832+00:00 vyos CRON[3285]: pam_unix(cron:session): session closed for user smmsp
2024-01-25T15:40:01.137696+00:00 vyos CRON[3780]: pam_unix(cron:session): session opened for user smmsp(uid=118) by (uid=0)
2024-01-25T15:40:01.139149+00:00 vyos CRON[3781]: (smmsp) CMD (test -x /etc/init.d/sendmail && test -x /usr/share/sendmail/sendmail && test -x /usr/libexec/sendmail/sendmail && /usr/share/sendmail/sendmail cron-msp)
2024-01-25T15:40:01.145585+00:00 vyos CRON[3780]: pam_unix(cron:session): session closed for user smmsp
2024-01-25T16:00:01.165873+00:00 vyos CRON[4316]: pam_unix(cron:session): session opened for user smmsp(uid=118) by (uid=0)
2024-01-25T16:00:01.166236+00:00 vyos CRON[4317]: (smmsp) CMD (test -x /etc/init.d/sendmail && test -x /usr/share/sendmail/sendmail && test -x /usr/libexec/sendmail/sendmail && /usr/share/sendmail/sendmail cron-msp)
2024-01-25T16:00:01.170269+00:00 vyos CRON[4316]: pam_unix(cron:session): session closed for user smmsp
2024-01-25T16:17:01.191770+00:00 vyos CRON[4724]: pam_unix(cron:session): session opened for user root(uid=0) by (uid=0)
2024-01-25T16:17:01.193143+00:00 vyos CRON[4725]: (root) CMD (cd / && run-parts --report /etc/cron.hourly)
2024-01-25T16:17:01.195617+00:00 vyos CRON[4724]: pam_unix(cron:session): session closed for user root
2024-01-25T16:20:01.203499+00:00 vyos CRON[4814]: pam_unix(cron:session): session opened for user smmsp(uid=118) by (uid=0)
2024-01-25T16:20:01.205447+00:00 vyos CRON[4815]: (smmsp) CMD (test -x /etc/init.d/sendmail && test -x /usr/share/sendmail/sendmail && test -x /usr/libexec/sendmail/sendmail && /usr/share/sendmail/sendmail cron-msp)
2024-01-25T16:20:01.207950+00:00 vyos CRON[4814]: pam_unix(cron:session): session closed for user smmsp
2024-01-25T16:40:01.237889+00:00 vyos CRON[5309]: pam_unix(cron:session): session opened for user smmsp(uid=118) by (uid=0)
2024-01-25T16:40:01.239045+00:00 vyos CRON[5310]: (smmsp) CMD (test -x /etc/init.d/sendmail && test -x /usr/share/sendmail/sendmail && test -x /usr/libexec/sendmail/sendmail && /usr/share/sendmail/sendmail cron-msp)
2024-01-25T16:40:01.242320+00:00 vyos CRON[5309]: pam_unix(cron:session): session closed for user smmsp
2024-01-25T17:00:01.275364+00:00 vyos CRON[6084]: pam_unix(cron:session): session opened for user smmsp(uid=118) by (uid=0)
2024-01-25T17:00:01.277547+00:00 vyos CRON[6085]: (smmsp) CMD (test -x /etc/init.d/sendmail && test -x /usr/share/sendmail/sendmail && test -x /usr/libexec/sendmail/sendmail && /usr/share/sendmail/sendmail cron-msp)
2024-01-25T17:00:01.279813+00:00 vyos CRON[6084]: pam_unix(cron:session): session closed for user smmsp
2024-01-25T17:03:25.080108+00:00 vyos sudo:     vyos : TTY=tty1 ; PWD=/home/vyos ; USER=root ; COMMAND=/usr/bin/sh -c '/usr/sbin/vyshim /usr/libexec/vyos/conf_mode/nat.py'
2024-01-25T17:03:25.087145+00:00 vyos sudo: pam_unix(sudo:session): session opened for user root(uid=0) by vyos(uid=1002)
2024-01-25T17:03:25.207660+00:00 vyos sudo: pam_unix(sudo:session): session closed for user root
2024-01-25T17:03:25.675735+00:00 vyos sudo:     vyos : TTY=tty1 ; PWD=/home/vyos ; USER=root ; COMMAND=/usr/bin/mv /tmp/config.boot.6854 /opt/vyatta/etc/config/archive/config.boot
2024-01-25T17:03:25.676268+00:00 vyos sudo: pam_unix(sudo:session): session opened for user root(uid=0) by vyos(uid=1002)
2024-01-25T17:03:25.683770+00:00 vyos sudo: pam_unix(sudo:session): session closed for user root
2024-01-25T17:03:25.689986+00:00 vyos sudo:     vyos : TTY=tty1 ; PWD=/home/vyos ; USER=root ; COMMAND=/usr/sbin/logrotate -f -s /opt/vyatta/etc/config/archive/lr.state /opt/vyatta/etc/config/archive/lr.conf
2024-01-25T17:03:25.690324+00:00 vyos sudo: pam_unix(sudo:session): session opened for user root(uid=0) by vyos(uid=1002)
2024-01-25T17:03:25.702559+00:00 vyos sudo: pam_unix(sudo:session): session closed for user root
2024-01-25T17:03:27.321531+00:00 vyos sudo:     vyos : TTY=tty1 ; PWD=/home/vyos ; USER=root ; COMMAND=/usr/bin/sg vyattacfg 'umask 0002 ; /usr/libexec/vyos/vyos-save-config.py'
2024-01-25T17:03:27.324161+00:00 vyos sudo: pam_unix(sudo:session): session opened for user root(uid=0) by vyos(uid=1002)
2024-01-25T17:03:27.497093+00:00 vyos sudo: pam_unix(sudo:session): session closed for user root
2024-01-25T17:17:01.310744+00:00 vyos CRON[7301]: pam_unix(cron:session): session opened for user root(uid=0) by (uid=0)
2024-01-25T17:17:01.312235+00:00 vyos CRON[7302]: (root) CMD (cd / && run-parts --report /etc/cron.hourly)
2024-01-25T17:17:01.313948+00:00 vyos CRON[7301]: pam_unix(cron:session): session closed for user root
2024-01-25T17:20:01.319024+00:00 vyos CRON[7604]: pam_unix(cron:session): session opened for user smmsp(uid=118) by (uid=0)
2024-01-25T17:20:01.320216+00:00 vyos CRON[7605]: (smmsp) CMD (test -x /etc/init.d/sendmail && test -x /usr/share/sendmail/sendmail && test -x /usr/libexec/sendmail/sendmail && /usr/share/sendmail/sendmail cron-msp)
2024-01-25T17:20:01.322456+00:00 vyos CRON[7604]: pam_unix(cron:session): session closed for user smmsp
2024-01-25T17:20:59.629433+00:00 vyos sudo:     vyos : TTY=tty1 ; PWD=/home/vyos ; USER=root ; COMMAND=/usr/bin/sh -c '/usr/sbin/vyshim /usr/libexec/vyos/conf_mode/nat.py'
2024-01-25T17:20:59.634202+00:00 vyos sudo: pam_unix(sudo:session): session opened for user root(uid=0) by vyos(uid=1002)
2024-01-25T17:20:59.733717+00:00 vyos sudo: pam_unix(sudo:session): session closed for user root
2024-01-25T17:21:00.164480+00:00 vyos sudo:     vyos : TTY=tty1 ; PWD=/home/vyos ; USER=root ; COMMAND=/usr/bin/mv /tmp/config.boot.7728 /opt/vyatta/etc/config/archive/config.boot
2024-01-25T17:21:00.164962+00:00 vyos sudo: pam_unix(sudo:session): session opened for user root(uid=0) by vyos(uid=1002)
2024-01-25T17:21:00.167984+00:00 vyos sudo: pam_unix(sudo:session): session closed for user root
2024-01-25T17:21:00.174220+00:00 vyos sudo:     vyos : TTY=tty1 ; PWD=/home/vyos ; USER=root ; COMMAND=/usr/sbin/logrotate -f -s /opt/vyatta/etc/config/archive/lr.state /opt/vyatta/etc/config/archive/lr.conf
2024-01-25T17:21:00.174944+00:00 vyos sudo: pam_unix(sudo:session): session opened for user root(uid=0) by vyos(uid=1002)
2024-01-25T17:21:00.188701+00:00 vyos sudo: pam_unix(sudo:session): session closed for user root
2024-01-25T17:21:01.875623+00:00 vyos sudo:     vyos : TTY=tty1 ; PWD=/home/vyos ; USER=root ; COMMAND=/usr/bin/sg vyattacfg 'umask 0002 ; /usr/libexec/vyos/vyos-save-config.py'
2024-01-25T17:21:01.875706+00:00 vyos sudo: pam_unix(sudo:session): session opened for user root(uid=0) by vyos(uid=1002)
2024-01-25T17:21:02.067260+00:00 vyos sudo: pam_unix(sudo:session): session closed for user root
2024-01-25T17:40:01.360373+00:00 vyos CRON[8242]: pam_unix(cron:session): session opened for user smmsp(uid=118) by (uid=0)
2024-01-25T17:40:01.362515+00:00 vyos CRON[8243]: (smmsp) CMD (test -x /etc/init.d/sendmail && test -x /usr/share/sendmail/sendmail && test -x /usr/libexec/sendmail/sendmail && /usr/share/sendmail/sendmail cron-msp)
2024-01-25T17:40:01.363957+00:00 vyos CRON[8242]: pam_unix(cron:session): session closed for user smmsp
2024-01-25T18:00:01.391780+00:00 vyos CRON[8737]: pam_unix(cron:session): session opened for user smmsp(uid=118) by (uid=0)
2024-01-25T18:00:01.393153+00:00 vyos CRON[8738]: (smmsp) CMD (test -x /etc/init.d/sendmail && test -x /usr/share/sendmail/sendmail && test -x /usr/libexec/sendmail/sendmail && /usr/share/sendmail/sendmail cron-msp)
2024-01-25T18:00:01.395367+00:00 vyos CRON[8737]: pam_unix(cron:session): session closed for user smmsp
2024-01-25T18:17:01.422224+00:00 vyos CRON[9174]: pam_unix(cron:session): session opened for user root(uid=0) by (uid=0)
2024-01-25T18:17:01.422332+00:00 vyos CRON[9175]: (root) CMD (cd / && run-parts --report /etc/cron.hourly)
2024-01-25T18:17:01.424679+00:00 vyos CRON[9174]: pam_unix(cron:session): session closed for user root
2024-01-25T18:20:01.430464+00:00 vyos CRON[9265]: pam_unix(cron:session): session opened for user smmsp(uid=118) by (uid=0)
2024-01-25T18:20:01.432069+00:00 vyos CRON[9266]: (smmsp) CMD (test -x /etc/init.d/sendmail && test -x /usr/share/sendmail/sendmail && test -x /usr/libexec/sendmail/sendmail && /usr/share/sendmail/sendmail cron-msp)
2024-01-25T18:20:01.434948+00:00 vyos CRON[9265]: pam_unix(cron:session): session closed for user smmsp
2024-01-25T18:40:01.468138+00:00 vyos CRON[9761]: pam_unix(cron:session): session opened for user smmsp(uid=118) by (uid=0)
2024-01-25T18:40:01.469196+00:00 vyos CRON[9762]: (smmsp) CMD (test -x /etc/init.d/sendmail && test -x /usr/share/sendmail/sendmail && test -x /usr/libexec/sendmail/sendmail && /usr/share/sendmail/sendmail cron-msp)
2024-01-25T18:40:01.471787+00:00 vyos CRON[9761]: pam_unix(cron:session): session closed for user smmsp
2024-01-25T19:00:01.492346+00:00 vyos CRON[10300]: pam_unix(cron:session): session opened for user smmsp(uid=118) by (uid=0)
2024-01-25T19:00:01.494334+00:00 vyos CRON[10301]: (smmsp) CMD (test -x /etc/init.d/sendmail && test -x /usr/share/sendmail/sendmail && test -x /usr/libexec/sendmail/sendmail && /usr/share/sendmail/sendmail cron-msp)
2024-01-25T19:00:01.495805+00:00 vyos CRON[10300]: pam_unix(cron:session): session closed for user smmsp
2024-01-25T19:17:01.529347+00:00 vyos CRON[10740]: pam_unix(cron:session): session opened for user root(uid=0) by (uid=0)
2024-01-25T19:17:01.531194+00:00 vyos CRON[10741]: (root) CMD (cd / && run-parts --report /etc/cron.hourly)
2024-01-25T19:17:01.533723+00:00 vyos CRON[10740]: pam_unix(cron:session): session closed for user root
2024-01-25T19:20:01.539641+00:00 vyos CRON[10794]: pam_unix(cron:session): session opened for user smmsp(uid=118) by (uid=0)
2024-01-25T19:20:01.541166+00:00 vyos CRON[10795]: (smmsp) CMD (test -x /etc/init.d/sendmail && test -x /usr/share/sendmail/sendmail && test -x /usr/libexec/sendmail/sendmail && /usr/share/sendmail/sendmail cron-msp)
2024-01-25T19:20:01.546490+00:00 vyos CRON[10794]: pam_unix(cron:session): session closed for user smmsp
2024-01-25T19:40:01.580539+00:00 vyos CRON[11323]: pam_unix(cron:session): session opened for user smmsp(uid=118) by (uid=0)
2024-01-25T19:40:01.582534+00:00 vyos CRON[11324]: (smmsp) CMD (test -x /etc/init.d/sendmail && test -x /usr/share/sendmail/sendmail && test -x /usr/libexec/sendmail/sendmail && /usr/share/sendmail/sendmail cron-msp)
2024-01-25T19:40:01.583993+00:00 vyos CRON[11323]: pam_unix(cron:session): session closed for user smmsp
2024-01-25T20:00:01.612370+00:00 vyos CRON[11821]: pam_unix(cron:session): session opened for user smmsp(uid=118) by (uid=0)
2024-01-25T20:00:01.614438+00:00 vyos CRON[11822]: (smmsp) CMD (test -x /etc/init.d/sendmail && test -x /usr/share/sendmail/sendmail && test -x /usr/libexec/sendmail/sendmail && /usr/share/sendmail/sendmail cron-msp)
2024-01-25T20:00:01.615909+00:00 vyos CRON[11821]: pam_unix(cron:session): session closed for user smmsp
2024-01-25T20:17:01.638525+00:00 vyos CRON[12308]: pam_unix(cron:session): session opened for user root(uid=0) by (uid=0)
2024-01-25T20:17:01.640164+00:00 vyos CRON[12309]: (root) CMD (cd / && run-parts --report /etc/cron.hourly)
2024-01-25T20:17:01.642859+00:00 vyos CRON[12308]: pam_unix(cron:session): session closed for user root
2024-01-25T20:17:38.599810+00:00 vyos sudo:     vyos : TTY=tty1 ; PWD=/home/vyos ; USER=root ; COMMAND=/usr/bin/nano /etc/ssh/sshd_config
2024-01-25T20:17:38.604493+00:00 vyos sudo: pam_unix(sudo:session): session opened for user root(uid=0) by vyos(uid=1002)
2024-01-25T20:18:14.708696+00:00 vyos sudo: pam_unix(sudo:session): session closed for user root
2024-01-25T20:19:23.263994+00:00 vyos sudo:     vyos : TTY=tty1 ; PWD=/home/vyos ; USER=root ; COMMAND=/usr/bin/tar -czcf AP.tar.gz /var/log/
2024-01-25T20:19:23.264193+00:00 vyos sudo: pam_unix(sudo:session): session opened for user root(uid=0) by vyos(uid=1002)
